2019-07-09 13:31:16,734 INFO o.a.j.u.JMeterUtils: Setting Locale to zh_CN
2019-07-09 13:31:16,742 INFO o.a.j.JMeter: Loading user properties from: user.properties
2019-07-09 13:31:16,742 INFO o.a.j.JMeter: Loading system properties from: system.properties
2019-07-09 13:31:16,742 INFO o.a.j.JMeter: Setting JMeter property: jmeter.save.saveservice.output_format=xml
2019-07-09 13:31:16,750 INFO o.a.j.JMeter: Copyright (c) 1998-2019 The Apache Software Foundation
2019-07-09 13:31:16,750 INFO o.a.j.JMeter: Version 5.1.1 r1855137
2019-07-09 13:31:16,750 INFO o.a.j.JMeter: java.version=1.8.0_73
2019-07-09 13:31:16,750 INFO o.a.j.JMeter: java.vm.name=Java HotSpot(TM) Client VM
2019-07-09 13:31:16,750 INFO o.a.j.JMeter: os.name=Windows 10
2019-07-09 13:31:16,750 INFO o.a.j.JMeter: os.arch=x86
2019-07-09 13:31:16,750 INFO o.a.j.JMeter: os.version=10.0
2019-07-09 13:31:16,750 INFO o.a.j.JMeter: file.encoding=GBK
2019-07-09 13:31:16,750 INFO o.a.j.JMeter: java.awt.headless=true
2019-07-09 13:31:16,750 INFO o.a.j.JMeter: Max memory     =259522560
2019-07-09 13:31:16,750 INFO o.a.j.JMeter: Available Processors =8
2019-07-09 13:31:16,750 INFO o.a.j.JMeter: Default Locale=中文 (中国)
2019-07-09 13:31:16,750 INFO o.a.j.JMeter: JMeter  Locale=中文 (中国)
2019-07-09 13:31:16,750 INFO o.a.j.JMeter: JMeterHome=D:\apache-jmeter-5.1.1
2019-07-09 13:31:16,750 INFO o.a.j.JMeter: user.dir  =D:\apache-jmeter-5.1.1\bin
2019-07-09 13:31:16,750 INFO o.a.j.JMeter: PWD       =D:\apache-jmeter-5.1.1\bin
2019-07-09 13:31:16,765 INFO o.a.j.JMeter: IP: 192.168.3.22 Name: DESKTOP-H43616K FullName: DESKTOP-H43616K
2019-07-09 13:31:16,765 INFO o.a.j.s.FileServer: Default base='D:\apache-jmeter-5.1.1\bin'
2019-07-09 13:31:16,765 INFO o.a.j.s.FileServer: Set new base='D:\apache-jmeter-5.1.1\TestSuite\script'
2019-07-09 13:31:16,884 INFO o.a.j.s.SaveService: Testplan (JMX) version: 2.2. Testlog (JTL) version: 2.2
2019-07-09 13:31:16,895 INFO o.a.j.s.SaveService: Using SaveService properties file encoding UTF-8
2019-07-09 13:31:16,899 INFO o.a.j.s.SaveService: Using SaveService properties version 5.0
2019-07-09 13:31:16,903 INFO o.a.j.s.SaveService: Loading file: D:\apache-jmeter-5.1.1\TestSuite\script\HTTP请求.jmx
2019-07-09 13:31:16,944 INFO o.a.j.p.h.s.HTTPSamplerBase: Parser for text/html is org.apache.jmeter.protocol.http.parser.LagartoBasedHtmlParser
2019-07-09 13:31:16,944 INFO o.a.j.p.h.s.HTTPSamplerBase: Parser for application/xhtml+xml is org.apache.jmeter.protocol.http.parser.LagartoBasedHtmlParser
2019-07-09 13:31:16,944 INFO o.a.j.p.h.s.HTTPSamplerBase: Parser for application/xml is org.apache.jmeter.protocol.http.parser.LagartoBasedHtmlParser
2019-07-09 13:31:16,944 INFO o.a.j.p.h.s.HTTPSamplerBase: Parser for text/xml is org.apache.jmeter.protocol.http.parser.LagartoBasedHtmlParser
2019-07-09 13:31:16,944 INFO o.a.j.p.h.s.HTTPSamplerBase: Parser for text/vnd.wap.wml is org.apache.jmeter.protocol.http.parser.RegexpHTMLParser
2019-07-09 13:31:16,944 INFO o.a.j.p.h.s.HTTPSamplerBase: Parser for text/css is org.apache.jmeter.protocol.http.parser.CssParser
2019-07-09 13:31:16,954 INFO o.a.j.JMeter: Creating summariser <summary>
2019-07-09 13:31:16,962 INFO o.a.j.e.StandardJMeterEngine: Running the test!
2019-07-09 13:31:16,963 INFO o.a.j.s.SampleEvent: List of sample_variables: []
2019-07-09 13:31:16,963 INFO o.a.j.s.SampleEvent: List of sample_variables: []
2019-07-09 13:31:16,969 INFO o.a.j.e.u.CompoundVariable: Note: Function class names must contain the string: '.functions.'
2019-07-09 13:31:16,969 INFO o.a.j.e.u.CompoundVariable: Note: Function class names must not contain the string: '.gui.'
2019-07-09 13:31:17,224 INFO o.a.j.JMeter: 正在运行的测试 (1562650277224)
2019-07-09 13:31:17,240 INFO o.a.j.e.StandardJMeterEngine: Starting ThreadGroup: 1 : 线程组
2019-07-09 13:31:17,240 INFO o.a.j.e.StandardJMeterEngine: Starting 1 threads for group 线程组.
2019-07-09 13:31:17,240 INFO o.a.j.e.StandardJMeterEngine: Thread will continue on error
2019-07-09 13:31:17,240 INFO o.a.j.t.ThreadGroup: Starting thread group... number=1 threads=1 ramp-up=1 delayedStart=false
2019-07-09 13:31:17,240 INFO o.a.j.t.ThreadGroup: Started thread group number 1
2019-07-09 13:31:17,240 INFO o.a.j.e.StandardJMeterEngine: All thread groups have been started
2019-07-09 13:31:17,240 INFO o.a.j.t.JMeterThread: Thread started: 线程组 1-1
2019-07-09 13:31:17,250 INFO o.a.j.p.h.s.HTTPHCAbstractImpl: Local host = DESKTOP-H43616K
2019-07-09 13:31:17,271 INFO o.a.j.p.h.s.HTTPHC4Impl: HTTP request retry count = 0
2019-07-09 13:31:17,272 INFO o.a.j.s.SampleResult: Note: Sample TimeStamps are START times
2019-07-09 13:31:17,272 INFO o.a.j.s.SampleResult: sampleresult.default.encoding is set to ISO-8859-1
2019-07-09 13:31:17,272 INFO o.a.j.s.SampleResult: sampleresult.useNanoTime=true
2019-07-09 13:31:17,273 INFO o.a.j.s.SampleResult: sampleresult.nanoThreadSleep=5000
2019-07-09 13:31:17,328 INFO o.a.j.t.JMeterThread: Thread is done: 线程组 1-1
2019-07-09 13:31:17,328 INFO o.a.j.t.JMeterThread: Thread finished: 线程组 1-1
2019-07-09 13:31:17,328 INFO o.a.j.e.StandardJMeterEngine: Notifying test listeners of end of test
2019-07-09 13:31:17,329 INFO o.a.j.r.Summariser: summary =      1 in 00:00:00 =    9.6/s Avg:     0 Min:     0 Max:     0 Err:     1 (100.00%)
